Determining if the pthread_create exist failed with the following output:
Change Dir: /home/max/Documents/MyRythmFever/bin/CMakeFiles/CMakeTmp

Run Build Command:/usr/bin/make "cmTryCompileExec1274712228/fast"
/usr/bin/make -f CMakeFiles/cmTryCompileExec1274712228.dir/build.make CMakeFiles/cmTryCompileExec1274712228.dir/build
make[1]: Entering directory `/home/max/Documents/MyRythmFever/bin/CMakeFiles/CMakeTmp'
/usr/bin/cmake -E cmake_progress_report /home/max/Documents/MyRythmFever/bin/CMakeFiles/CMakeTmp/CMakeFiles 1
Building C object CMakeFiles/cmTryCompileExec1274712228.dir/CheckSymbolExists.c.o
/usr/bin/cc    -o CMakeFiles/cmTryCompileExec1274712228.dir/CheckSymbolExists.c.o   -c /home/max/Documents/MyRythmFever/bin/CMakeFiles/CMakeTmp/CheckSymbolExists.c
Linking C executable cmTryCompileExec1274712228
/usr/bin/cmake -E cmake_link_script CMakeFiles/cmTryCompileExec1274712228.dir/link.txt --verbose=1
/usr/bin/cc       CMakeFiles/cmTryCompileExec1274712228.dir/CheckSymbolExists.c.o  -o cmTryCompileExec1274712228 -rdynamic 
CMakeFiles/cmTryCompileExec1274712228.dir/CheckSymbolExists.c.o: In function `main':
CheckSymbolExists.c:(.text+0x16): undefined reference to `pthread_create'
collect2: error: ld returned 1 exit status
make[1]: *** [cmTryCompileExec1274712228] Error 1
make[1]: Leaving directory `/home/max/Documents/MyRythmFever/bin/CMakeFiles/CMakeTmp'
make: *** [cmTryCompileExec1274712228/fast] Error 2

File /home/max/Documents/MyRythmFever/bin/CMakeFiles/CMakeTmp/CheckSymbolExists.c:
/* */
#include <pthread.h>

int main(int argc, char** argv)
{
  (void)argv;
#ifndef pthread_create
  return ((int*)(&pthread_create))[argc];
#else
  (void)argc;
  return 0;
#endif
}

Determining if the function pthread_create exists in the pthreads failed with the following output:
Change Dir: /home/max/Documents/MyRythmFever/bin/CMakeFiles/CMakeTmp

Run Build Command:/usr/bin/make "cmTryCompileExec1209199933/fast"
/usr/bin/make -f CMakeFiles/cmTryCompileExec1209199933.dir/build.make CMakeFiles/cmTryCompileExec1209199933.dir/build
make[1]: Entering directory `/home/max/Documents/MyRythmFever/bin/CMakeFiles/CMakeTmp'
/usr/bin/cmake -E cmake_progress_report /home/max/Documents/MyRythmFever/bin/CMakeFiles/CMakeTmp/CMakeFiles 1
Building C object CMakeFiles/cmTryCompileExec1209199933.dir/CheckFunctionExists.c.o
/usr/bin/cc   -DCHECK_FUNCTION_EXISTS=pthread_create   -o CMakeFiles/cmTryCompileExec1209199933.dir/CheckFunctionExists.c.o   -c /usr/share/cmake-2.8/Modules/CheckFunctionExists.c
Linking C executable cmTryCompileExec1209199933
/usr/bin/cmake -E cmake_link_script CMakeFiles/cmTryCompileExec1209199933.dir/link.txt --verbose=1
/usr/bin/cc   -DCHECK_FUNCTION_EXISTS=pthread_create    CMakeFiles/cmTryCompileExec1209199933.dir/CheckFunctionExists.c.o  -o cmTryCompileExec1209199933 -rdynamic -lpthreads 
/usr/bin/ld: cannot find -lpthreads
collect2: error: ld returned 1 exit status
make[1]: *** [cmTryCompileExec1209199933] Error 1
make[1]: Leaving directory `/home/max/Documents/MyRythmFever/bin/CMakeFiles/CMakeTmp'
make: *** [cmTryCompileExec1209199933/fast] Error 2


